<?xml version="1.0" encoding="UTF-8"?>
<!-- Generated by org.testng.reporters.JUnitXMLReporter -->
<testsuite hostname="DESKTOP-20FUL3E" ignored="0" name="Surefire test" tests="5" failures="0" timestamp="2021-04-20T17:23:46 IST" time="57.664" errors="0">
  <testcase name="logoTest" time="0.054" classname="com.orange.test.LoginPageTest"/>
  <testcase name="pageTitleTest" time="0.008" classname="com.orange.test.LoginPageTest"/>
  <testcase name="forgotPWDTest" time="1.212" classname="com.orange.test.LoginPageTest"/>
  <testcase name="orgHRMTest" time="0.084" classname="com.orange.test.LoginPageTest"/>
  <testcase name="loginTest" time="7.106" classname="com.orange.test.LoginPageTest"/>
</testsuite> <!-- Surefire test -->
