<?xml version="1.0" encoding="UTF-8"?>
<!-- Generated by org.testng.reporters.JUnitXMLReporter -->
<testsuite hostname="DESKTOP-20FUL3E" ignored="0" name="Default test" tests="5" failures="0" timestamp="2021-04-20T09:26:11 IST" time="39.805" errors="0">
  <testcase name="logoTest" time="0.059" classname="com.orange.test.LoginPageTest"/>
  <testcase name="pageTitleTest" time="0.011" classname="com.orange.test.LoginPageTest"/>
  <testcase name="forgotPWDTest" time="1.033" classname="com.orange.test.LoginPageTest"/>
  <testcase name="orgHRMTest" time="0.104" classname="com.orange.test.LoginPageTest"/>
  <testcase name="loginTest" time="5.221" classname="com.orange.test.LoginPageTest"/>
</testsuite> <!-- Default test -->
