<?xml version="1.0" encoding="UTF-8"?>
<!-- Generated by org.testng.reporters.JUnitXMLReporter -->
<testsuite hostname="DESKTOP-20FUL3E" ignored="0" name="Default test" tests="4" failures="0" timestamp="2021-01-11T15:10:32 IST" time="54.178" errors="0">
  <testcase name="loginOrangeHRM" time="6.23" classname="com.orangeHRM.testcases.LoginPageTest"/>
  <testcase name="loginOrangeHRM" time="1.733" classname="com.orangeHRM.testcases.LoginPageTest"/>
  <testcase name="verifyLogo" time="0.044" classname="com.orangeHRM.testcases.LoginPageTest"/>
  <testcase name="verifyforgotPWDlink" time="1.204" classname="com.orangeHRM.testcases.LoginPageTest"/>
</testsuite> <!-- Default test -->
