<?xml version="1.0" encoding="UTF-8"?>
<!-- Generated by org.testng.reporters.JUnitXMLReporter -->
<testsuite hostname="DESKTOP-20FUL3E" ignored="0" name="Test" tests="5" failures="0" timestamp="2021-04-20T12:02:20 IST" time="47.892" errors="0">
  <testcase name="logoTest" time="0.075" classname="com.orange.test.LoginPageTest"/>
  <testcase name="pageTitleTest" time="0.011" classname="com.orange.test.LoginPageTest"/>
  <testcase name="forgotPWDTest" time="1.079" classname="com.orange.test.LoginPageTest"/>
  <testcase name="orgHRMTest" time="0.085" classname="com.orange.test.LoginPageTest"/>
  <testcase name="loginTest" time="5.147" classname="com.orange.test.LoginPageTest"/>
</testsuite> <!-- Test -->
