<?xml version="1.0" encoding="UTF-8"?>
<!-- Generated by org.testng.reporters.JUnitXMLReporter -->
<testsuite hostname="DESKTOP-20FUL3E" ignored="0" name="Test" tests="8" failures="1" timestamp="2021-01-10T16:12:29 IST" time="135.938" errors="0">
  <testcase name="loginOrangeHRM" time="7.494" classname="com.orangeHRM.testcases.LoginPageTest"/>
  <testcase name="verifyLogo" time="0.052" classname="com.orangeHRM.testcases.LoginPageTest"/>
  <testcase name="verifyforgotPWDlink" time="1.357" classname="com.orangeHRM.testcases.LoginPageTest"/>
  <testcase name="loginOrangeHRM" time="7.27" classname="com.orangeHRM.testcases.LoginPageTest1"/>
  <testcase name="logout" time="8.634" classname="com.orangeHRM.testcases.LoginPageTest1"/>
  <testcase name="verifyLogo" time="0.046" classname="com.orangeHRM.testcases.LoginPageTest1"/>
  <testcase name="cancelRPWD" time="1.053" classname="com.orangeHRM.testcases.ResetPasswordPageTest"/>
  <testcase name="verifyResetPWD" time="3.67" classname="com.orangeHRM.testcases.ResetPasswordPageTest">
    <failure type="java.lang.AssertionError">
      <![CDATA[java.lang.AssertionError
at org.junit.Assert.fail(Assert.java:86)
at org.junit.Assert.assertTrue(Assert.java:41)
at org.junit.Assert.assertTrue(Assert.java:52)
at com.orangeHRM.testcases.ResetPasswordPageTest.verifyResetPWD(ResetPasswordPageTest.java:36)
at java.util.ArrayList.forEach(ArrayList.java:1259)
... Removed 27 stack frames]]>
    </failure>
  </testcase> <!-- verifyResetPWD -->
</testsuite> <!-- Test -->
