<?xml version="1.0" encoding="UTF-8"?>
<!-- Generated by org.testng.reporters.JUnitXMLReporter -->
<testsuite hostname="DESKTOP-20FUL3E" ignored="2" name="Test1" tests="1" failures="0" timestamp="2021-01-11T16:47:14 IST" time="19.103" errors="0">
  <testcase name="loginOrangeHRM" time="5.969" classname="com.orangeHRM.testcases.LoginPageTest1"/>
  <testcase name="verifyLogo" time="0.0" classname="com.orangeHRM.testcases.LoginPageTest1">
    <ignored/>
  </testcase> <!-- verifyLogo -->
  <testcase name="logout" time="0.0" classname="com.orangeHRM.testcases.LoginPageTest1">
    <ignored/>
  </testcase> <!-- logout -->
</testsuite> <!-- Test1 -->
