<?xml version="1.0" encoding="UTF-8"?>
<!-- Generated by org.testng.reporters.JUnitXMLReporter -->
<testsuite hostname="DESKTOP-20FUL3E" ignored="2" name="Test(failed)" tests="1" failures="1" timestamp="2021-01-09T19:53:35 IST" time="18.926" errors="0">
  <testcase name="loginOrangeHRM" time="6.14" classname="com.orangeHRM.testcases.LoginPageTest">
    <failure type="java.lang.AssertionError" message="expected [OrangeHRM1] but found [OrangeHRM]">
      <![CDATA[java.lang.AssertionError: expected [OrangeHRM1] but found [OrangeHRM]
at com.orangeHRM.testcases.LoginPageTest.loginOrangeHRM(LoginPageTest.java:43)
at java.util.ArrayList.forEach(Unknown Source)
... Removed 33 stack frames]]>
    </failure>
  </testcase> <!-- loginOrangeHRM -->
  <testcase name="verifyforgotPWDlink" time="0.0" classname="com.orangeHRM.testcases.LoginPageTest">
    <ignored/>
  </testcase> <!-- verifyforgotPWDlink -->
  <testcase name="verifyLogo" time="0.0" classname="com.orangeHRM.testcases.LoginPageTest">
    <ignored/>
  </testcase> <!-- verifyLogo -->
</testsuite> <!-- Test(failed) -->
