<?xml version="1.0" encoding="UTF-8"?>
<testng-results skipped="0" failed="0" ignored="0" total="5" passed="5">
  <reporter-output>
  </reporter-output>
  <suite name="Suite" duration-ms="47892" started-at="2021-04-20T12:01:33 IST" finished-at="2021-04-20T12:02:20 IST">
    <groups>
    </groups>
    <test name="Test" duration-ms="47892" started-at="2021-04-20T12:01:33 IST" finished-at="2021-04-20T12:02:20 IST">
      <class name="com.orange.test.LoginPageTest">
        <test-method status="PASS" signature="setUp()[pri:0, instance:com.orange.test.LoginPageTest@29b5cd00]" name="setUp" is-config="true" duration-ms="12880" started-at="2021-04-20T12:01:33 IST" finished-at="2021-04-20T12:01:45 IST">
          <reporter-output>
          </reporter-output>
        </test-method> <!-- setUp -->
        <test-method status="PASS" signature="logoTest()[pri:1, instance:com.orange.test.LoginPageTest@29b5cd00]" name="logoTest" duration-ms="75" started-at="2021-04-20T12:01:45 IST" finished-at="2021-04-20T12:01:46 IST">
          <reporter-output>
          </reporter-output>
        </test-method> <!-- logoTest -->
        <test-method status="PASS" signature="tearDown()[pri:0, instance:com.orange.test.LoginPageTest@29b5cd00]" name="tearDown" is-config="true" duration-ms="669" started-at="2021-04-20T12:01:46 IST" finished-at="2021-04-20T12:01:46 IST">
          <reporter-output>
          </reporter-output>
        </test-method> <!-- tearDown -->
        <test-method status="PASS" signature="setUp()[pri:0, instance:com.orange.test.LoginPageTest@29b5cd00]" name="setUp" is-config="true" duration-ms="6357" started-at="2021-04-20T12:01:46 IST" finished-at="2021-04-20T12:01:53 IST">
          <reporter-output>
          </reporter-output>
        </test-method> <!-- setUp -->
        <test-method status="PASS" signature="pageTitleTest()[pri:2, instance:com.orange.test.LoginPageTest@29b5cd00]" name="pageTitleTest" duration-ms="11" started-at="2021-04-20T12:01:53 IST" finished-at="2021-04-20T12:01:53 IST">
          <reporter-output>
          </reporter-output>
        </test-method> <!-- pageTitleTest -->
        <test-method status="PASS" signature="tearDown()[pri:0, instance:com.orange.test.LoginPageTest@29b5cd00]" name="tearDown" is-config="true" duration-ms="648" started-at="2021-04-20T12:01:53 IST" finished-at="2021-04-20T12:01:53 IST">
          <reporter-output>
          </reporter-output>
        </test-method> <!-- tearDown -->
        <test-method status="PASS" signature="setUp()[pri:0, instance:com.orange.test.LoginPageTest@29b5cd00]" name="setUp" is-config="true" duration-ms="6016" started-at="2021-04-20T12:01:53 IST" finished-at="2021-04-20T12:01:59 IST">
          <reporter-output>
          </reporter-output>
        </test-method> <!-- setUp -->
        <test-method status="PASS" signature="forgotPWDTest()[pri:3, instance:com.orange.test.LoginPageTest@29b5cd00]" name="forgotPWDTest" duration-ms="1079" started-at="2021-04-20T12:01:59 IST" finished-at="2021-04-20T12:02:00 IST">
          <reporter-output>
          </reporter-output>
        </test-method> <!-- forgotPWDTest -->
        <test-method status="PASS" signature="tearDown()[pri:0, instance:com.orange.test.LoginPageTest@29b5cd00]" name="tearDown" is-config="true" duration-ms="651" started-at="2021-04-20T12:02:00 IST" finished-at="2021-04-20T12:02:01 IST">
          <reporter-output>
          </reporter-output>
        </test-method> <!-- tearDown -->
        <test-method status="PASS" signature="setUp()[pri:0, instance:com.orange.test.LoginPageTest@29b5cd00]" name="setUp" is-config="true" duration-ms="6311" started-at="2021-04-20T12:02:01 IST" finished-at="2021-04-20T12:02:07 IST">
          <reporter-output>
          </reporter-output>
        </test-method> <!-- setUp -->
        <test-method status="PASS" signature="orgHRMTest()[pri:4, instance:com.orange.test.LoginPageTest@29b5cd00]" name="orgHRMTest" duration-ms="85" started-at="2021-04-20T12:02:07 IST" finished-at="2021-04-20T12:02:07 IST">
          <reporter-output>
          </reporter-output>
        </test-method> <!-- orgHRMTest -->
        <test-method status="PASS" signature="tearDown()[pri:0, instance:com.orange.test.LoginPageTest@29b5cd00]" name="tearDown" is-config="true" duration-ms="658" started-at="2021-04-20T12:02:07 IST" finished-at="2021-04-20T12:02:08 IST">
          <reporter-output>
          </reporter-output>
        </test-method> <!-- tearDown -->
        <test-method status="PASS" signature="setUp()[pri:0, instance:com.orange.test.LoginPageTest@29b5cd00]" name="setUp" is-config="true" duration-ms="6539" started-at="2021-04-20T12:02:08 IST" finished-at="2021-04-20T12:02:15 IST">
          <reporter-output>
          </reporter-output>
        </test-method> <!-- setUp -->
        <test-method status="PASS" signature="loginTest()[pri:5, instance:com.orange.test.LoginPageTest@29b5cd00]" name="loginTest" duration-ms="5147" started-at="2021-04-20T12:02:15 IST" finished-at="2021-04-20T12:02:20 IST">
          <reporter-output>
          </reporter-output>
        </test-method> <!-- loginTest -->
        <test-method status="PASS" signature="tearDown()[pri:0, instance:com.orange.test.LoginPageTest@29b5cd00]" name="tearDown" is-config="true" duration-ms="715" started-at="2021-04-20T12:02:20 IST" finished-at="2021-04-20T12:02:20 IST">
          <reporter-output>
          </reporter-output>
        </test-method> <!-- tearDown -->
      </class> <!-- com.orange.test.LoginPageTest -->
    </test> <!-- Test -->
  </suite> <!-- Suite -->
</testng-results>
